0 info it worked if it ends with ok
1 verbose cli [ 'D:\\nodejs\\node.exe',
1 verbose cli   'D:\\nodejs\\node_modules\\npm\\bin\\npm-cli.js',
1 verbose cli   'run',
1 verbose cli   'dev' ]
2 info using npm@4.1.2
3 info using node@v7.6.0
4 verbose run-script [ 'predev', 'dev', 'postdev' ]
5 info lifecycle 12307@1.0.0~predev: 12307@1.0.0
6 silly lifecycle 12307@1.0.0~predev: no script for predev, continuing
7 info lifecycle 12307@1.0.0~dev: 12307@1.0.0
8 verbose lifecycle 12307@1.0.0~dev: unsafe-perm in lifecycle true
9 verbose lifecycle 12307@1.0.0~dev: PATH: D:\nodejs\node_modules\npm\bin\node-gyp-bin;F:\LeanDH\studyup\software\12307\node_modules\.bin;C:\ProgramData\Oracle\Java\javapath;C:\Program Files (x86)\NVIDIA Corporation\PhysX\Common;C:\Program Files (x86)\Intel\iCLS Client\;C:\Program Files\Intel\iCLS Client\;C:\Windows\system32;C:\Windows;C:\Windows\System32\Wbem;C:\Windows\System32\WindowsPowerShell\v1.0\;C:\Program Files\Intel\Intel(R) Management Engine Components\DAL;C:\Program Files (x86)\Intel\Intel(R) Management Engine Components\DAL;C:\Program Files\Intel\Intel(R) Management Engine Components\IPT;C:\Program Files (x86)\Intel\Intel(R) Management Engine Components\IPT;C:\Program Files\Intel\WiFi\bin\;C:\Program Files\Common Files\Intel\WirelessCommon\;C:\Windows\system32\config\systemprofile\.dnx\bin;C:\Program Files\Microsoft DNX\Dnvm\;C:\Program Files (x86)\Windows Kits\8.1\Windows Performance Toolkit\;C:\Program Files\Microsoft SQL Server\130\Tools\Binn\;D:\HTML\command;D:\nodejs;D:\sublime;D:\Program Files (x86)\Git\cmd;C:\Program Files\Java\jdk1.8.0_131\bin;F:\LeanDH\studyup\WEB\PHP\Tomcat\apache-tomcat-8.0.43\bin;F:\LeanDH\studyup\WEB\PHP\Tomcat\apache-tomcat-8.0.43\lib;F:\LeanDH\studyup\WEB\PHP\Tomcat\php;E:\sdk\platform-tools;C:\Program Files\Intel\WiFi\bin\;C:\Program Files\Common Files\Intel\WirelessCommon\;C:\Users\Administrator\AppData\Roaming\npm
10 verbose lifecycle 12307@1.0.0~dev: CWD: F:\LeanDH\studyup\software\12307
11 silly lifecycle 12307@1.0.0~dev: Args: [ '/d /s /c',
11 silly lifecycle   'webpack-dev-server --history-api-fallback --hot --inline --progress --content-base ./build/' ]
12 silly lifecycle 12307@1.0.0~dev: Returned: code: 3221225786  signal: null
13 info lifecycle 12307@1.0.0~dev: Failed to exec dev script
14 verbose stack Error: 12307@1.0.0 dev: `webpack-dev-server --history-api-fallback --hot --inline --progress --content-base ./build/`
14 verbose stack Exit status 3221225786
14 verbose stack     at EventEmitter.<anonymous> (D:\nodejs\node_modules\npm\lib\utils\lifecycle.js:279:16)
14 verbose stack     at emitTwo (events.js:106:13)
14 verbose stack     at EventEmitter.emit (events.js:192:7)
14 verbose stack     at ChildProcess.<anonymous> (D:\nodejs\node_modules\npm\lib\utils\spawn.js:40:14)
14 verbose stack     at emitTwo (events.js:106:13)
14 verbose stack     at ChildProcess.emit (events.js:192:7)
14 verbose stack     at maybeClose (internal/child_process.js:890:16)
14 verbose stack     at Process.ChildProcess._handle.onexit (internal/child_process.js:226:5)
15 verbose pkgid 12307@1.0.0
16 verbose cwd F:\LeanDH\studyup\software\12307
17 error Windows_NT 6.1.7601
18 error argv "D:\\nodejs\\node.exe" "D:\\nodejs\\node_modules\\npm\\bin\\npm-cli.js" "run" "dev"
19 error node v7.6.0
20 error npm  v4.1.2
21 error code ELIFECYCLE
22 error 12307@1.0.0 dev: `webpack-dev-server --history-api-fallback --hot --inline --progress --content-base ./build/`
22 error Exit status 3221225786
23 error Failed at the 12307@1.0.0 dev script 'webpack-dev-server --history-api-fallback --hot --inline --progress --content-base ./build/'.
23 error Make sure you have the latest version of node.js and npm installed.
23 error If you do, this is most likely a problem with the 12307 package,
23 error not with npm itself.
23 error Tell the author that this fails on your system:
23 error     webpack-dev-server --history-api-fallback --hot --inline --progress --content-base ./build/
23 error You can get information on how to open an issue for this project with:
23 error     npm bugs 12307
23 error Or if that isn't available, you can get their info via:
23 error     npm owner ls 12307
23 error There is likely additional logging output above.
24 verbose exit [ 1, true ]
